/*C11*/SET SCHEMA PUBLIC
INSERT INTO CARS VALUES('A0025266','yes','yes',25.0E0,2.0E0,2)
COMMIT
DELETE FROM CARS WHERE LICENSEPLATE='A2525' AND MAKE='Audi' AND TYPE='Petrol' AND PRICE=2500.25E0 AND ENGINE=2.2E0 AND DOORS=5
COMMIT
DELETE FROM CARS WHERE LICENSEPLATE='252526' AND MAKE='Audi' AND TYPE='Diesel' AND PRICE=25.0E0 AND ENGINE=2.0E0 AND DOORS=5
COMMIT
DELETE FROM CARS WHERE LICENSEPLATE='A0025266' AND MAKE='yes' AND TYPE='yes' AND PRICE=25.0E0 AND ENGINE=2.0E0 AND DOORS=2
COMMIT
INSERT INTO CARS VALUES('A00252699','BMW','Petrol',15000.0E0,3.0E0,6)
COMMIT
INSERT INTO CARS VALUES('123456','AUDI','Petrol',20000.0E0,3.0E0,3)
COMMIT
INSERT INTO CARS VALUES('78910','WV','Diesel',2000.0E0,2.0E0,5)
COMMIT
INSERT INTO CARS VALUES('L12DE1252','AUDI','Diesel',7500.0E0,1.9E0,5)
COMMIT
INSERT INTO CARS VALUES('License plate','AIT','Petrol',25678.25E0,5.2E0,5)
COMMIT
DELETE FROM CARS WHERE LICENSEPLATE='License plate' AND MAKE='AIT' AND TYPE='Petrol' AND PRICE=25678.25E0 AND ENGINE=5.2E0 AND DOORS=5
INSERT INTO CARS VALUES('License plate','ChangedAIT','Diesel',2525.0E0,3.0E0,3)
COMMIT
DELETE FROM CARS WHERE LICENSEPLATE='License plate' AND MAKE='ChangedAIT' AND TYPE='Diesel' AND PRICE=2525.0E0 AND ENGINE=3.0E0 AND DOORS=3
COMMIT
INSERT INTO CARS VALUES('A252525','AIT','Petrol',2525.0E0,5.0E0,3)
COMMIT
DELETE FROM CARS WHERE LICENSEPLATE='A252525' AND MAKE='AIT' AND TYPE='Petrol' AND PRICE=2525.0E0 AND ENGINE=5.0E0 AND DOORS=3
INSERT INTO CARS VALUES('A252525','AITUPDATED','Diesel',2626.0E0,3.0E0,5)
COMMIT
DELETE FROM CARS WHERE LICENSEPLATE='A252525' AND MAKE='AITUPDATED' AND TYPE='Diesel' AND PRICE=2626.0E0 AND ENGINE=3.0E0 AND DOORS=5
COMMIT
INSERT INTO CARS VALUES('A252525','Ait','Petrol',2424.0E0,3.0E0,5)
COMMIT
DELETE FROM CARS WHERE LICENSEPLATE='A252525' AND MAKE='Ait' AND TYPE='Petrol' AND PRICE=2424.0E0 AND ENGINE=3.0E0 AND DOORS=5
INSERT INTO CARS VALUES('A252525','AITUPDATE','Diesel',25252.0E0,5.0E0,3)
COMMIT
DELETE FROM CARS WHERE LICENSEPLATE='A252525' AND MAKE='AITUPDATE' AND TYPE='Diesel' AND PRICE=25252.0E0 AND ENGINE=5.0E0 AND DOORS=3
COMMIT
/*C10*/SET SCHEMA PUBLIC
DISCONNECT
/*C11*/DISCONNECT
